[INFO] 22:59:38:782 Kernel/(22456:22456): [KERNEL]: Logger creado correctamente
[INFO] 22:59:38:786 Kernel/(22456:22456): [KERNEL]: Archivo Config creado y rellenado correctamente
[INFO] 22:59:38:791 Kernel/(22456:22456): [KERNEL]: Iniciando Servidor ...
[INFO] 22:59:38:794 Kernel/(22456:22456): [KERNEL]: Servidor iniciado correctamente.
[INFO] 22:59:38:797 Kernel/(22456:22456): [KERNEL] conectando con Memoria...
[INFO] 22:59:38:798 Kernel/(22456:22456): [KERNEL]: Conexion con Memoria: OK
[INFO] 22:59:38:798 Kernel/(22456:22456): [KERNEL] conectando con CPU...
[INFO] 22:59:38:798 Kernel/(22456:22456): [KERNEL]: Conexion con CPU: OK
[INFO] 22:59:38:803 Kernel/(22456:22457): [KERNEL]: Esperando conexiones de Consola...
[INFO] 23:00:18:793 Kernel/(22508:22508): [KERNEL]: Logger creado correctamente
[INFO] 23:00:18:803 Kernel/(22508:22508): [KERNEL]: Archivo Config creado y rellenado correctamente
[INFO] 23:00:18:803 Kernel/(22508:22508): [KERNEL]: Iniciando Servidor ...
[INFO] 23:00:18:803 Kernel/(22508:22508): [KERNEL]: Servidor iniciado correctamente.
[INFO] 23:00:18:804 Kernel/(22508:22508): [KERNEL] conectando con Memoria...
[INFO] 23:00:18:804 Kernel/(22508:22508): [KERNEL]: Conexion con Memoria: OK
[INFO] 23:00:18:804 Kernel/(22508:22508): [KERNEL] conectando con CPU...
[INFO] 23:00:18:805 Kernel/(22508:22508): [KERNEL]: Conexion con CPU: OK
[INFO] 23:00:18:809 Kernel/(22508:22509): [KERNEL]: Esperando conexiones de Consola...
[INFO] 23:20:43:363 Kernel/(22810:22810): [KERNEL]: Logger creado correctamente
[INFO] 23:20:43:365 Kernel/(22810:22810): [KERNEL]: Archivo Config creado y rellenado correctamente
[INFO] 23:20:43:366 Kernel/(22810:22810): [KERNEL]: Iniciando Servidor ...
[INFO] 23:20:43:367 Kernel/(22810:22810): [KERNEL]: Servidor iniciado correctamente.
[INFO] 23:20:43:367 Kernel/(22810:22810): [KERNEL] conectando con Memoria...
[INFO] 23:20:43:368 Kernel/(22810:22810): [KERNEL]: Conexion con Memoria: OK
[INFO] 23:20:43:369 Kernel/(22810:22810): [KERNEL] conectando con CPU...
[INFO] 23:20:43:370 Kernel/(22810:22810): [KERNEL]: Conexion con CPU: OK
[INFO] 23:20:43:375 Kernel/(22810:22811): [KERNEL]: Esperando conexiones de Consola...
[INFO] 23:21:25:601 Kernel/(22849:22849): [KERNEL]: Logger creado correctamente
[INFO] 23:21:25:603 Kernel/(22849:22849): [KERNEL]: Archivo Config creado y rellenado correctamente
[INFO] 23:21:25:604 Kernel/(22849:22849): [KERNEL]: Iniciando Servidor ...
[INFO] 23:21:25:605 Kernel/(22849:22849): [KERNEL]: Servidor iniciado correctamente.
[INFO] 23:21:25:606 Kernel/(22849:22849): [KERNEL] conectando con Memoria...
[INFO] 23:21:25:608 Kernel/(22849:22849): [KERNEL]: Conexion con Memoria: OK
[INFO] 23:21:25:608 Kernel/(22849:22849): [KERNEL] conectando con CPU...
[INFO] 23:21:25:608 Kernel/(22849:22849): [KERNEL]: Conexion con CPU: OK
[INFO] 23:21:25:610 Kernel/(22849:22851): [KERNEL]: Esperando conexiones de Consola...
[INFO] 00:16:25:287 Kernel/(28435:28435): [KERNEL]: Logger creado correctamente
[INFO] 00:16:25:291 Kernel/(28435:28435): [KERNEL]: Archivo Config creado y rellenado correctamente
[INFO] 00:16:25:292 Kernel/(28435:28435): [KERNEL]: Iniciando Servidor ...
[INFO] 00:16:25:293 Kernel/(28435:28435): [KERNEL]: Servidor iniciado correctamente.
[INFO] 00:16:25:294 Kernel/(28435:28435): [KERNEL] conectando con Memoria...
[INFO] 00:16:25:294 Kernel/(28435:28435): [KERNEL]: Conexion con Memoria: OK
[INFO] 00:16:25:295 Kernel/(28435:28435): [KERNEL] conectando con CPU...
[INFO] 00:16:25:296 Kernel/(28435:28435): [KERNEL]: Conexion con CPU: OK
[INFO] 00:16:25:299 Kernel/(28435:28436): [KERNEL]: Esperando conexiones de Consola...
[INFO] 00:16:32:054 Kernel/(28476:28476): [KERNEL]: Logger creado correctamente
[INFO] 00:16:32:060 Kernel/(28476:28476): [KERNEL]: Archivo Config creado y rellenado correctamente
[INFO] 00:16:32:065 Kernel/(28476:28476): [KERNEL]: Iniciando Servidor ...
[INFO] 00:16:32:066 Kernel/(28476:28476): [KERNEL]: Servidor iniciado correctamente.
[INFO] 00:16:32:067 Kernel/(28476:28476): [KERNEL] conectando con Memoria...
[INFO] 00:16:32:068 Kernel/(28476:28476): [KERNEL]: Conexion con Memoria: OK
[INFO] 00:16:32:068 Kernel/(28476:28476): [KERNEL] conectando con CPU...
[INFO] 00:16:32:069 Kernel/(28476:28476): [KERNEL]: Conexion con CPU: OK
[INFO] 00:16:32:070 Kernel/(28476:28477): [KERNEL]: Esperando conexiones de Consola...
