[INFO] 23:58:16:667 File_System/(26324:26324): [FILE_SYSTEM]: Logger creado correctamente
[INFO] 23:58:16:669 File_System/(26324:26324): [FILE_SYSTEM]: Archivo Config creado y rellenado correctamente
[INFO] 23:58:16:671 File_System/(26324:26324): [FILE_SYSTEM]: Iniciando Servidor ...
[INFO] 23:58:16:671 File_System/(26324:26324): [FILE_SYSTEM]: Servidor iniciado correctamente.
[INFO] 23:58:16:675 File_System/(26324:26325): [FILE_SYSTEM]: Esperando conexion de kernel...
[INFO] 23:58:57:690 File_System/(26370:26370): [FILE_SYSTEM]: Logger creado correctamente
[INFO] 23:58:57:691 File_System/(26370:26370): [FILE_SYSTEM]: Archivo Config creado y rellenado correctamente
[INFO] 23:58:57:692 File_System/(26370:26370): [FILE_SYSTEM]: Iniciando Servidor ...
[INFO] 23:58:57:693 File_System/(26370:26370): [FILE_SYSTEM]: Servidor iniciado correctamente.
[INFO] 23:58:57:696 File_System/(26370:26371): [FILE_SYSTEM]: Esperando conexion de kernel...
[INFO] 00:13:12:842 File_System/(27848:27848): [FILE_SYSTEM]: Logger creado correctamente
[INFO] 00:13:12:844 File_System/(27848:27848): [FILE_SYSTEM]: Archivo Config creado y rellenado correctamente
[INFO] 00:13:12:845 File_System/(27848:27848): [FILE_SYSTEM]: Iniciando Servidor ...
[INFO] 00:13:12:848 File_System/(27848:27848): [FILE_SYSTEM]: Servidor iniciado correctamente.
[INFO] 00:13:12:851 File_System/(27848:27849): [FILE_SYSTEM]: Esperando conexion de kernel...
[INFO] 00:13:15:785 File_System/(27850:27850): [FILE_SYSTEM]: Logger creado correctamente
[INFO] 00:13:15:786 File_System/(27850:27850): [FILE_SYSTEM]: Archivo Config creado y rellenado correctamente
[INFO] 00:13:15:786 File_System/(27850:27850): [FILE_SYSTEM]: Iniciando Servidor ...
[INFO] 00:13:15:787 File_System/(27850:27850): [FILE_SYSTEM]: Servidor iniciado correctamente.
[INFO] 00:13:15:796 File_System/(27850:27851): [FILE_SYSTEM]: Esperando conexion de kernel...
[INFO] 00:15:25:807 File_System/(28198:28198): [FILE_SYSTEM]: Logger creado correctamente
[INFO] 00:15:25:811 File_System/(28198:28198): [FILE_SYSTEM]: Archivo Config creado y rellenado correctamente
[INFO] 00:15:25:811 File_System/(28198:28198): [FILE_SYSTEM]: Iniciando Servidor ...
[INFO] 00:15:25:813 File_System/(28198:28198): [FILE_SYSTEM]: Servidor iniciado correctamente.
[INFO] 00:15:25:816 File_System/(28198:28199): [FILE_SYSTEM]: Esperando conexion de kernel...
[INFO] 00:15:33:731 File_System/(28263:28263): [FILE_SYSTEM]: Logger creado correctamente
[INFO] 00:15:33:734 File_System/(28263:28263): [FILE_SYSTEM]: Archivo Config creado y rellenado correctamente
[INFO] 00:15:33:735 File_System/(28263:28263): [FILE_SYSTEM]: Iniciando Servidor ...
[INFO] 00:15:33:738 File_System/(28263:28263): [FILE_SYSTEM]: Servidor iniciado correctamente.
[INFO] 00:15:33:742 File_System/(28263:28264): [FILE_SYSTEM]: Esperando conexion de kernel...
