[INFO] 00:00:11:618 Consola/(26650:26650): [CONSOLA]: Logger creado correctamente
[INFO] 00:00:11:619 Consola/(26650:26650): [CONSOLA]: Archivo Config creado y rellenado correctamente
[INFO] 00:00:11:621 Consola/(26650:26650): [CONSOLA] conectando con Kernel...
[INFO] 00:01:03:115 Consola/(26872:26872): [CONSOLA]: Logger creado correctamente
[INFO] 00:01:03:116 Consola/(26872:26872): [CONSOLA]: Archivo Config creado y rellenado correctamente
[INFO] 00:01:03:117 Consola/(26872:26872): 127.0.0.1
[INFO] 00:01:03:119 Consola/(26872:26872): test - TEST222
[INFO] 00:01:03:120 Consola/(26872:26872): [CONSOLA] conectando con Kernel...
[INFO] 00:01:44:724 Consola/(26976:26976): [CONSOLA]: Logger creado correctamente
[INFO] 00:01:44:725 Consola/(26976:26976): [CONSOLA]: Archivo Config creado y rellenado correctamente
[INFO] 00:01:44:727 Consola/(26976:26976): [CONSOLA] conectando con Kernel...
[INFO] 00:02:11:196 Consola/(27013:27013): [CONSOLA]: Logger creado correctamente
[INFO] 00:02:11:197 Consola/(27013:27013): [CONSOLA]: Archivo Config creado y rellenado correctamente
[INFO] 00:02:11:198 Consola/(27013:27013): [CONSOLA] conectando con Kernel...
[INFO] 00:11:52:885 Consola/(27481:27481): [CONSOLA]: Logger creado correctamente
[INFO] 00:11:52:886 Consola/(27481:27481): [CONSOLA]: Archivo Config creado y rellenado correctamente
[INFO] 00:11:52:888 Consola/(27481:27481): [CONSOLA] conectando con Kernel...
[INFO] 00:12:01:372 Consola/(27519:27519): [CONSOLA]: Logger creado correctamente
[INFO] 00:12:01:373 Consola/(27519:27519): [CONSOLA]: Archivo Config creado y rellenado correctamente
[INFO] 00:12:01:374 Consola/(27519:27519): [CONSOLA] conectando con Kernel...
[INFO] 00:12:02:655 Consola/(27530:27530): [CONSOLA]: Logger creado correctamente
[INFO] 00:12:02:657 Consola/(27530:27530): [CONSOLA]: Archivo Config creado y rellenado correctamente
[INFO] 00:12:02:658 Consola/(27530:27530): [CONSOLA] conectando con Kernel...
[INFO] 00:14:00:893 Consola/(27955:27955): [CONSOLA]: Logger creado correctamente
[INFO] 00:14:00:894 Consola/(27955:27955): [CONSOLA]: Archivo Config creado y rellenado correctamente
[INFO] 00:14:00:896 Consola/(27955:27955): [CONSOLA] conectando con Kernel...
[INFO] 00:14:43:563 Consola/(28039:28039): [CONSOLA]: Logger creado correctamente
[INFO] 00:14:43:564 Consola/(28039:28039): [CONSOLA]: Archivo Config creado y rellenado correctamente
[INFO] 00:14:43:565 Consola/(28039:28039): IP_KERNEL: 127.0.0.1
[INFO] 00:14:43:566 Consola/(28039:28039): [CONSOLA] conectando con Kernel...
[INFO] 00:15:04:916 Consola/(28132:28132): [CONSOLA]: Logger creado correctamente
[INFO] 00:15:04:918 Consola/(28132:28132): [CONSOLA]: Archivo Config creado y rellenado correctamente
[INFO] 00:15:04:919 Consola/(28132:28132): IP_KERNEL: 127.0.0.1
[INFO] 00:15:04:919 Consola/(28132:28132): [CONSOLA] conectando con Kernel...
